0 info it worked if it ends with ok
1 verbose cli [ 'C:\\Program Files\\nodejs\\node.exe',
1 verbose cli   'C:\\Program Files\\nodejs\\node_modules\\npm\\bin\\npm-cli.js',
1 verbose cli   'install' ]
2 info using npm@2.15.9
3 info using node@v4.5.0
4 verbose readDependencies loading dependencies from C:\Users\nex46nj\workspace\MyProfile\package.json
5 verbose install where, deps [ 'C:\\Users\\nex46nj\\workspace\\MyProfile',
5 verbose install   [ 'express', 'serve-favicon', 'node.json', 'consolidate', 'swig' ] ]
6 verbose install where, peers [ 'C:\\Users\\nex46nj\\workspace\\MyProfile', [] ]
7 verbose installManyTop reading for lifecycle C:\Users\nex46nj\workspace\MyProfile\package.json
8 info preinstall MyProfile@0.0.1
9 verbose installManyTop reading scoped package data from C:\Users\nex46nj\workspace\MyProfile\node_modules\consolidate\package.json
10 verbose installManyTop reading scoped package data from C:\Users\nex46nj\workspace\MyProfile\node_modules\ejs\package.json
11 verbose installManyTop reading scoped package data from C:\Users\nex46nj\workspace\MyProfile\node_modules\express\package.json
12 verbose installManyTop reading scoped package data from C:\Users\nex46nj\workspace\MyProfile\node_modules\jade\package.json
13 verbose installManyTop reading scoped package data from C:\Users\nex46nj\workspace\MyProfile\node_modules\serve-favicon\package.json
14 verbose installManyTop reading scoped package data from C:\Users\nex46nj\workspace\MyProfile\node_modules\swig\package.json
15 info package.json express@3.2.6 No license field.
16 verbose readDependencies loading dependencies from C:\Users\nex46nj\workspace\MyProfile\package.json
17 verbose targetResolver reading package data from C:\Users\nex46nj\workspace\MyProfile\node_modules\consolidate\package.json
18 verbose targetResolver reading package data from C:\Users\nex46nj\workspace\MyProfile\node_modules\ejs\package.json
19 verbose targetResolver reading package data from C:\Users\nex46nj\workspace\MyProfile\node_modules\express\package.json
20 verbose targetResolver reading package data from C:\Users\nex46nj\workspace\MyProfile\node_modules\jade\package.json
21 verbose targetResolver reading package data from C:\Users\nex46nj\workspace\MyProfile\node_modules\serve-favicon\package.json
22 verbose targetResolver reading package data from C:\Users\nex46nj\workspace\MyProfile\node_modules\swig\package.json
23 verbose targetResolver reading package data from C:\Users\nex46nj\workspace\MyProfile\node_modules\.bin\express\package.json
24 verbose targetResolver reading package data from C:\Users\nex46nj\workspace\MyProfile\node_modules\.bin\express.cmd\package.json
25 verbose targetResolver reading package data from C:\Users\nex46nj\workspace\MyProfile\node_modules\.bin\jade\package.json
26 verbose targetResolver reading package data from C:\Users\nex46nj\workspace\MyProfile\node_modules\.bin\jade.cmd\package.json
27 silly cache add args [ 'node.json@9.12.3', null ]
28 verbose cache add spec node.json@9.12.3
29 silly cache add parsed spec Result {
29 silly cache add   raw: 'node.json@9.12.3',
29 silly cache add   scope: null,
29 silly cache add   name: 'node.json',
29 silly cache add   rawSpec: '9.12.3',
29 silly cache add   spec: '9.12.3',
29 silly cache add   type: 'version' }
30 silly addNamed node.json@9.12.3
31 verbose addNamed "9.12.3" is a plain semver version for node.json
32 silly mapToRegistry name node.json
33 silly mapToRegistry using default registry
34 silly mapToRegistry registry https://registry.npmjs.org/
35 silly mapToRegistry data Result {
35 silly mapToRegistry   raw: 'node.json',
35 silly mapToRegistry   scope: null,
35 silly mapToRegistry   name: 'node.json',
35 silly mapToRegistry   rawSpec: '',
35 silly mapToRegistry   spec: 'latest',
35 silly mapToRegistry   type: 'tag' }
36 silly mapToRegistry uri https://registry.npmjs.org/node.json
37 verbose addNameVersion registry:https://registry.npmjs.org/node.json not in flight; fetching
38 verbose already installed skipping consolidate@0.14.5 C:\Users\nex46nj\workspace\MyProfile
39 verbose already installed skipping swig@1.4.2 C:\Users\nex46nj\workspace\MyProfile
40 verbose already installed skipping express@3.2.6 C:\Users\nex46nj\workspace\MyProfile
41 verbose already installed skipping serve-favicon@2.3.0 C:\Users\nex46nj\workspace\MyProfile
42 verbose request uri https://registry.npmjs.org/node.json
43 verbose request no auth needed
44 info attempt registry request try #1 at 4:56:19 PM
45 verbose request id 96b13a55449a99f0
46 http request GET https://registry.npmjs.org/node.json
47 http 404 https://registry.npmjs.org/node.json
48 verbose headers { 'content-type': 'application/json',
48 verbose headers   'cache-control': 'max-age=0',
48 verbose headers   'content-length': '2',
48 verbose headers   'accept-ranges': 'bytes',
48 verbose headers   date: 'Wed, 21 Dec 2016 11:26:20 GMT',
48 verbose headers   via: '1.1 varnish',
48 verbose headers   age: '0',
48 verbose headers   connection: 'keep-alive',
48 verbose headers   'x-served-by': 'cache-lcy1124-LCY',
48 verbose headers   'x-cache': 'MISS',
48 verbose headers   'x-cache-hits': '0',
48 verbose headers   'x-timer': 'S1482319580.161857,VS0,VE364',
48 verbose headers   vary: 'Accept-Encoding' }
49 silly get cb [ 404,
49 silly get   { 'content-type': 'application/json',
49 silly get     'cache-control': 'max-age=0',
49 silly get     'content-length': '2',
49 silly get     'accept-ranges': 'bytes',
49 silly get     date: 'Wed, 21 Dec 2016 11:26:20 GMT',
49 silly get     via: '1.1 varnish',
49 silly get     age: '0',
49 silly get     connection: 'keep-alive',
49 silly get     'x-served-by': 'cache-lcy1124-LCY',
49 silly get     'x-cache': 'MISS',
49 silly get     'x-cache-hits': '0',
49 silly get     'x-timer': 'S1482319580.161857,VS0,VE364',
49 silly get     vary: 'Accept-Encoding' } ]
50 verbose stack Error: Registry returned 404 for GET on https://registry.npmjs.org/node.json
50 verbose stack     at makeError (C:\Program Files\nodejs\node_modules\npm\node_modules\npm-registry-client\lib\request.js:264:12)
50 verbose stack     at CachingRegistryClient.<anonymous> (C:\Program Files\nodejs\node_modules\npm\node_modules\npm-registry-client\lib\request.js:242:14)
50 verbose stack     at Request._callback (C:\Program Files\nodejs\node_modules\npm\node_modules\npm-registry-client\lib\request.js:172:14)
50 verbose stack     at Request.self.callback (C:\Program Files\nodejs\node_modules\npm\node_modules\request\request.js:200:22)
50 verbose stack     at emitTwo (events.js:87:13)
50 verbose stack     at Request.emit (events.js:172:7)
50 verbose stack     at Request.<anonymous> (C:\Program Files\nodejs\node_modules\npm\node_modules\request\request.js:1067:10)
50 verbose stack     at emitOne (events.js:82:20)
50 verbose stack     at Request.emit (events.js:169:7)
50 verbose stack     at IncomingMessage.<anonymous> (C:\Program Files\nodejs\node_modules\npm\node_modules\request\request.js:988:12)
51 verbose statusCode 404
52 verbose pkgid node.json
53 verbose cwd C:\Users\nex46nj\workspace\MyProfile
54 error Windows_NT 6.1.7601
55 error argv "C:\\Program Files\\nodejs\\node.exe" "C:\\Program Files\\nodejs\\node_modules\\npm\\bin\\npm-cli.js" "install"
56 error node v4.5.0
57 error npm  v2.15.9
58 error code E404
59 error 404 Registry returned 404 for GET on https://registry.npmjs.org/node.json
59 error 404
59 error 404 'node.json' is not in the npm registry.
59 error 404 You should bug the author to publish it (or use the name yourself!)
59 error 404 It was specified as a dependency of 'MyProfile'
59 error 404
59 error 404 Note that you can also install from a
59 error 404 tarball, folder, http url, or git url.
60 verbose exit [ 1, true ]
